<?xml version="1.0" encoding="UTF-8"?>
<!-- Generated by org.testng.reporters.JUnitReportReporter -->
<testsuite hostname="Mohamed-Abdelrahman" failures="0" tests="1" name="tests.ValidateIconsScreen" time="5.173" errors="0" timestamp="26 Dec 2023 21:04:29 GMT" skipped="0">
  <testcase classname="tests.ValidateIconsScreen" name="validateThatChanceOfRainingAndHumidityIconsAreDisplayedForNextSixHours" time="5.173"/>
</testsuite> <!-- tests.ValidateIconsScreen -->
