<?xml version="1.0" encoding="UTF-8"?>
<!-- Generated by org.testng.reporters.JUnitReportReporter -->
<testsuite hostname="Mohamed-Abdelrahman" failures="0" tests="1" name="mobileWeatherApp.TestUtils.AndroidBaseTest" time="20.586" errors="0" timestamp="25 Dec 2023 19:47:56 GMT" skipped="0">
  <testcase classname="mobileWeatherApp.TestUtils.AndroidBaseTest" name="setup" time="20.586"/>
</testsuite> <!-- mobileWeatherApp.TestUtils.AndroidBaseTest -->
