<?xml version="1.0" encoding="UTF-8"?>
<!-- Generated by org.testng.reporters.JUnitReportReporter -->
<testsuite hostname="Mohamed-Abdelrahman" failures="0" tests="1" name="tests.HomeTestScreen" time="15.826" errors="0" timestamp="26 Dec 2023 21:03:22 GMT" skipped="0">
  <testcase classname="tests.HomeTestScreen" name="checkTempratureChangeFromFehrenhiteToCelsius" time="15.826"/>
</testsuite> <!-- tests.HomeTestScreen -->
